Determining if the pthread_create exist failed with the following output:
Change Dir: /home/ravi/robotics2/cws1_first/build/pkg1/CMakeFiles/CMakeTmp

Run Build Command:"/usr/bin/make" "cmTC_577bc/fast"
/usr/bin/make -f CMakeFiles/cmTC_577bc.dir/build.make CMakeFiles/cmTC_577bc.dir/build
make[1]: Entering directory '/home/ravi/robotics2/cws1_first/build/pkg1/CMakeFiles/CMakeTmp'
Building C object CMakeFiles/cmTC_577bc.dir/CheckSymbolExists.c.o
/usr/bin/cc     -o CMakeFiles/cmTC_577bc.dir/CheckSymbolExists.c.o   -c /home/ravi/robotics2/cws1_first/build/pkg1/CMakeFiles/CMakeTmp/CheckSymbolExists.c
Linking C executable cmTC_577bc
/usr/bin/cmake -E cmake_link_script CMakeFiles/cmTC_577bc.dir/link.txt --verbose=1
/usr/bin/cc       CMakeFiles/cmTC_577bc.dir/CheckSymbolExists.c.o  -o cmTC_577bc -rdynamic 
CMakeFiles/cmTC_577bc.dir/CheckSymbolExists.c.o: In function `main':
CheckSymbolExists.c:(.text+0x16): undefined reference to `pthread_create'
collect2: error: ld returned 1 exit status
CMakeFiles/cmTC_577bc.dir/build.make:97: recipe for target 'cmTC_577bc' failed
make[1]: *** [cmTC_577bc] Error 1
make[1]: Leaving directory '/home/ravi/robotics2/cws1_first/build/pkg1/CMakeFiles/CMakeTmp'
Makefile:126: recipe for target 'cmTC_577bc/fast' failed
make: *** [cmTC_577bc/fast] Error 2

File /home/ravi/robotics2/cws1_first/build/pkg1/CMakeFiles/CMakeTmp/CheckSymbolExists.c:
/* */
#include <pthread.h>

int main(int argc, char** argv)
{
  (void)argv;
#ifndef pthread_create
  return ((int*)(&pthread_create))[argc];
#else
  (void)argc;
  return 0;
#endif
}

Determining if the function pthread_create exists in the pthreads failed with the following output:
Change Dir: /home/ravi/robotics2/cws1_first/build/pkg1/CMakeFiles/CMakeTmp

Run Build Command:"/usr/bin/make" "cmTC_83e05/fast"
/usr/bin/make -f CMakeFiles/cmTC_83e05.dir/build.make CMakeFiles/cmTC_83e05.dir/build
make[1]: Entering directory '/home/ravi/robotics2/cws1_first/build/pkg1/CMakeFiles/CMakeTmp'
Building C object CMakeFiles/cmTC_83e05.dir/CheckFunctionExists.c.o
/usr/bin/cc    -DCHECK_FUNCTION_EXISTS=pthread_create   -o CMakeFiles/cmTC_83e05.dir/CheckFunctionExists.c.o   -c /usr/share/cmake-3.5/Modules/CheckFunctionExists.c
Linking C executable cmTC_83e05
/usr/bin/cmake -E cmake_link_script CMakeFiles/cmTC_83e05.dir/link.txt --verbose=1
/usr/bin/cc   -DCHECK_FUNCTION_EXISTS=pthread_create    CMakeFiles/cmTC_83e05.dir/CheckFunctionExists.c.o  -o cmTC_83e05 -rdynamic -lpthreads 
/usr/bin/ld: cannot find -lpthreads
collect2: error: ld returned 1 exit status
CMakeFiles/cmTC_83e05.dir/build.make:97: recipe for target 'cmTC_83e05' failed
make[1]: *** [cmTC_83e05] Error 1
make[1]: Leaving directory '/home/ravi/robotics2/cws1_first/build/pkg1/CMakeFiles/CMakeTmp'
Makefile:126: recipe for target 'cmTC_83e05/fast' failed
make: *** [cmTC_83e05/fast] Error 2


