Determining if the pthread_create exist failed with the following output:
Change Dir: /home/ravi/robotics2/catws_msg_srv/build/catkin_tools_prebuild/CMakeFiles/CMakeTmp

Run Build Command:"/usr/bin/make" "cmTC_5f36e/fast"
/usr/bin/make -f CMakeFiles/cmTC_5f36e.dir/build.make CMakeFiles/cmTC_5f36e.dir/build
make[1]: Entering directory '/home/ravi/robotics2/catws_msg_srv/build/catkin_tools_prebuild/CMakeFiles/CMakeTmp'
Building C object CMakeFiles/cmTC_5f36e.dir/CheckSymbolExists.c.o
/usr/bin/cc     -o CMakeFiles/cmTC_5f36e.dir/CheckSymbolExists.c.o   -c /home/ravi/robotics2/catws_msg_srv/build/catkin_tools_prebuild/CMakeFiles/CMakeTmp/CheckSymbolExists.c
Linking C executable cmTC_5f36e
/usr/bin/cmake -E cmake_link_script CMakeFiles/cmTC_5f36e.dir/link.txt --verbose=1
/usr/bin/cc       CMakeFiles/cmTC_5f36e.dir/CheckSymbolExists.c.o  -o cmTC_5f36e -rdynamic 
CMakeFiles/cmTC_5f36e.dir/CheckSymbolExists.c.o: In function `main':
CheckSymbolExists.c:(.text+0x16): undefined reference to `pthread_create'
collect2: error: ld returned 1 exit status
CMakeFiles/cmTC_5f36e.dir/build.make:97: recipe for target 'cmTC_5f36e' failed
make[1]: *** [cmTC_5f36e] Error 1
make[1]: Leaving directory '/home/ravi/robotics2/catws_msg_srv/build/catkin_tools_prebuild/CMakeFiles/CMakeTmp'
Makefile:126: recipe for target 'cmTC_5f36e/fast' failed
make: *** [cmTC_5f36e/fast] Error 2

File /home/ravi/robotics2/catws_msg_srv/build/catkin_tools_prebuild/CMakeFiles/CMakeTmp/CheckSymbolExists.c:
/* */
#include <pthread.h>

int main(int argc, char** argv)
{
  (void)argv;
#ifndef pthread_create
  return ((int*)(&pthread_create))[argc];
#else
  (void)argc;
  return 0;
#endif
}

Determining if the function pthread_create exists in the pthreads failed with the following output:
Change Dir: /home/ravi/robotics2/catws_msg_srv/build/catkin_tools_prebuild/CMakeFiles/CMakeTmp

Run Build Command:"/usr/bin/make" "cmTC_f8f68/fast"
/usr/bin/make -f CMakeFiles/cmTC_f8f68.dir/build.make CMakeFiles/cmTC_f8f68.dir/build
make[1]: Entering directory '/home/ravi/robotics2/catws_msg_srv/build/catkin_tools_prebuild/CMakeFiles/CMakeTmp'
Building C object CMakeFiles/cmTC_f8f68.dir/CheckFunctionExists.c.o
/usr/bin/cc    -DCHECK_FUNCTION_EXISTS=pthread_create   -o CMakeFiles/cmTC_f8f68.dir/CheckFunctionExists.c.o   -c /usr/share/cmake-3.5/Modules/CheckFunctionExists.c
Linking C executable cmTC_f8f68
/usr/bin/cmake -E cmake_link_script CMakeFiles/cmTC_f8f68.dir/link.txt --verbose=1
/usr/bin/cc   -DCHECK_FUNCTION_EXISTS=pthread_create    CMakeFiles/cmTC_f8f68.dir/CheckFunctionExists.c.o  -o cmTC_f8f68 -rdynamic -lpthreads 
/usr/bin/ld: cannot find -lpthreads
collect2: error: ld returned 1 exit status
CMakeFiles/cmTC_f8f68.dir/build.make:97: recipe for target 'cmTC_f8f68' failed
make[1]: *** [cmTC_f8f68] Error 1
make[1]: Leaving directory '/home/ravi/robotics2/catws_msg_srv/build/catkin_tools_prebuild/CMakeFiles/CMakeTmp'
Makefile:126: recipe for target 'cmTC_f8f68/fast' failed
make: *** [cmTC_f8f68/fast] Error 2


