Linked: (/home/ravi/robotics2/catws_msg_srv/devel/.private/pkg_msg_srv/share/roseus/ros/pkg_msg_srv/manifest.l, /home/ravi/robotics2/catws_msg_srv/devel/share/roseus/ros/pkg_msg_srv/manifest.l)
Symlinking /home/ravi/robotics2/catws_msg_srv/devel/share/roseus/ros/pkg_msg_srv/srv/AddTwoInts.l
Linked: (/home/ravi/robotics2/catws_msg_srv/devel/.private/pkg_msg_srv/share/roseus/ros/pkg_msg_srv/msg/Num.l, /home/ravi/robotics2/catws_msg_srv/devel/share/roseus/ros/pkg_msg_srv/msg/Num.l)
Linked: (/home/ravi/robotics2/catws_msg_srv/devel/.private/pkg_msg_srv/share/gennodejs/ros/pkg_msg_srv/_index.js, /home/ravi/robotics2/catws_msg_srv/devel/share/gennodejs/ros/pkg_msg_srv/_index.js)
Symlinking /home/ravi/robotics2/catws_msg_srv/devel/share/gennodejs/ros/pkg_msg_srv/srv/_index.js
Symlinking /home/ravi/robotics2/catws_msg_srv/devel/share/gennodejs/ros/pkg_msg_srv/srv/AddTwoInts.js
Linked: (/home/ravi/robotics2/catws_msg_srv/devel/.private/pkg_msg_srv/share/gennodejs/ros/pkg_msg_srv/msg/_index.js, /home/ravi/robotics2/catws_msg_srv/devel/share/gennodejs/ros/pkg_msg_srv/msg/_index.js)
Linked: (/home/ravi/robotics2/catws_msg_srv/devel/.private/pkg_msg_srv/share/gennodejs/ros/pkg_msg_srv/msg/Num.js, /home/ravi/robotics2/catws_msg_srv/devel/share/gennodejs/ros/pkg_msg_srv/msg/Num.js)
Linked: (/home/ravi/robotics2/catws_msg_srv/devel/.private/pkg_msg_srv/share/pkg_msg_srv/cmake/pkg_msg_srv-msg-paths.cmake, /home/ravi/robotics2/catws_msg_srv/devel/share/pkg_msg_srv/cmake/pkg_msg_srv-msg-paths.cmake)
Linked: (/home/ravi/robotics2/catws_msg_srv/devel/.private/pkg_msg_srv/share/pkg_msg_srv/cmake/pkg_msg_srvConfig-version.cmake, /home/ravi/robotics2/catws_msg_srv/devel/share/pkg_msg_srv/cmake/pkg_msg_srvConfig-version.cmake)
Linked: (/home/ravi/robotics2/catws_msg_srv/devel/.private/pkg_msg_srv/share/pkg_msg_srv/cmake/pkg_msg_srv-msg-extras.cmake, /home/ravi/robotics2/catws_msg_srv/devel/share/pkg_msg_srv/cmake/pkg_msg_srv-msg-extras.cmake)
Linked: (/home/ravi/robotics2/catws_msg_srv/devel/.private/pkg_msg_srv/share/pkg_msg_srv/cmake/pkg_msg_srvConfig.cmake, /home/ravi/robotics2/catws_msg_srv/devel/share/pkg_msg_srv/cmake/pkg_msg_srvConfig.cmake)
Symlinking /home/ravi/robotics2/catws_msg_srv/devel/share/common-lisp/ros/pkg_msg_srv/srv/_package.lisp
Symlinking /home/ravi/robotics2/catws_msg_srv/devel/share/common-lisp/ros/pkg_msg_srv/srv/pkg_msg_srv-srv.asd
Symlinking /home/ravi/robotics2/catws_msg_srv/devel/share/common-lisp/ros/pkg_msg_srv/srv/AddTwoInts.lisp
Symlinking /home/ravi/robotics2/catws_msg_srv/devel/share/common-lisp/ros/pkg_msg_srv/srv/_package_AddTwoInts.lisp
Linked: (/home/ravi/robotics2/catws_msg_srv/devel/.private/pkg_msg_srv/share/common-lisp/ros/pkg_msg_srv/msg/_package.lisp, /home/ravi/robotics2/catws_msg_srv/devel/share/common-lisp/ros/pkg_msg_srv/msg/_package.lisp)
Linked: (/home/ravi/robotics2/catws_msg_srv/devel/.private/pkg_msg_srv/share/common-lisp/ros/pkg_msg_srv/msg/pkg_msg_srv-msg.asd, /home/ravi/robotics2/catws_msg_srv/devel/share/common-lisp/ros/pkg_msg_srv/msg/pkg_msg_srv-msg.asd)
Linked: (/home/ravi/robotics2/catws_msg_srv/devel/.private/pkg_msg_srv/share/common-lisp/ros/pkg_msg_srv/msg/Num.lisp, /home/ravi/robotics2/catws_msg_srv/devel/share/common-lisp/ros/pkg_msg_srv/msg/Num.lisp)
Linked: (/home/ravi/robotics2/catws_msg_srv/devel/.private/pkg_msg_srv/share/common-lisp/ros/pkg_msg_srv/msg/_package_Num.lisp, /home/ravi/robotics2/catws_msg_srv/devel/share/common-lisp/ros/pkg_msg_srv/msg/_package_Num.lisp)
Symlinking /home/ravi/robotics2/catws_msg_srv/devel/include/pkg_msg_srv/AddTwoIntsResponse.h
Symlinking /home/ravi/robotics2/catws_msg_srv/devel/include/pkg_msg_srv/AddTwoIntsRequest.h
Linked: (/home/ravi/robotics2/catws_msg_srv/devel/.private/pkg_msg_srv/include/pkg_msg_srv/Num.h, /home/ravi/robotics2/catws_msg_srv/devel/include/pkg_msg_srv/Num.h)
Symlinking /home/ravi/robotics2/catws_msg_srv/devel/include/pkg_msg_srv/AddTwoInts.h
Linked: (/home/ravi/robotics2/catws_msg_srv/devel/.private/pkg_msg_srv/lib/pkgconfig/pkg_msg_srv.pc, /home/ravi/robotics2/catws_msg_srv/devel/lib/pkgconfig/pkg_msg_srv.pc)
Linked: (/home/ravi/robotics2/catws_msg_srv/devel/.private/pkg_msg_srv/lib/python2.7/dist-packages/pkg_msg_srv/__init__.py, /home/ravi/robotics2/catws_msg_srv/devel/lib/python2.7/dist-packages/pkg_msg_srv/__init__.py)
Symlinking /home/ravi/robotics2/catws_msg_srv/devel/lib/python2.7/dist-packages/pkg_msg_srv/srv/__init__.py
Symlinking /home/ravi/robotics2/catws_msg_srv/devel/lib/python2.7/dist-packages/pkg_msg_srv/srv/_AddTwoInts.py
Linked: (/home/ravi/robotics2/catws_msg_srv/devel/.private/pkg_msg_srv/lib/python2.7/dist-packages/pkg_msg_srv/msg/__init__.py, /home/ravi/robotics2/catws_msg_srv/devel/lib/python2.7/dist-packages/pkg_msg_srv/msg/__init__.py)
Linked: (/home/ravi/robotics2/catws_msg_srv/devel/.private/pkg_msg_srv/lib/python2.7/dist-packages/pkg_msg_srv/msg/_Num.py, /home/ravi/robotics2/catws_msg_srv/devel/lib/python2.7/dist-packages/pkg_msg_srv/msg/_Num.py)
