[35m[1mScanning dependencies of target std_msgs_generate_messages_eus[0m
[35m[1mScanning dependencies of target _pkg_msg_srv_generate_messages_check_deps_Num[0m
[35m[1mScanning dependencies of target std_msgs_generate_messages_cpp[0m
[35m[1mScanning dependencies of target std_msgs_generate_messages_nodejs[0m
[  0%] Built target std_msgs_generate_messages_eus
[  0%] Built target std_msgs_generate_messages_cpp
[  0%] Built target std_msgs_generate_messages_nodejs
[35m[1mScanning dependencies of target std_msgs_generate_messages_py[0m
[35m[1mScanning dependencies of target std_msgs_generate_messages_lisp[0m
[  0%] Built target std_msgs_generate_messages_lisp
[  0%] Built target std_msgs_generate_messages_py
[  0%] Built target _pkg_msg_srv_generate_messages_check_deps_Num
[35m[1mScanning dependencies of target pkg_msg_srv_generate_messages_cpp[0m
[35m[1mScanning dependencies of target pkg_msg_srv_generate_messages_nodejs[0m
[35m[1mScanning dependencies of target pkg_msg_srv_generate_messages_py[0m
[35m[1mScanning dependencies of target pkg_msg_srv_generate_messages_eus[0m
[ 14%] [34m[1mGenerating C++ code from pkg_msg_srv/Num.msg[0m
[ 28%] [34m[1mGenerating Javascript code from pkg_msg_srv/Num.msg[0m
[ 42%] [34m[1mGenerating EusLisp code from pkg_msg_srv/Num.msg[0m
[ 57%] [34m[1mGenerating Python from MSG pkg_msg_srv/Num[0m
[ 57%] Built target pkg_msg_srv_generate_messages_nodejs
[35m[1mScanning dependencies of target pkg_msg_srv_generate_messages_lisp[0m
[ 71%] [34m[1mGenerating Lisp code from pkg_msg_srv/Num.msg[0m
[ 85%] [34m[1mGenerating EusLisp manifest code for pkg_msg_srv[0m
[100%] [34m[1mGenerating Python msg __init__.py for pkg_msg_srv[0m
[100%] Built target pkg_msg_srv_generate_messages_lisp
[100%] Built target pkg_msg_srv_generate_messages_cpp
[100%] Built target pkg_msg_srv_generate_messages_py
[100%] Built target pkg_msg_srv_generate_messages_eus
[35m[1mScanning dependencies of target pkg_msg_srv_generate_messages[0m
[100%] Built target pkg_msg_srv_generate_messages
