[36m--[0m Using CATKIN_DEVEL_PREFIX: /home/ravi/robotics2/catws_msg_srv/devel/.private/pkg_msg_srv
[36m--[0m Using CMAKE_PREFIX_PATH: /home/ravi/robotics2/catws_msg_srv/devel;/opt/ros/kinetic
[36m--[0m This workspace overlays: /home/ravi/robotics2/catws_msg_srv/devel;/opt/ros/kinetic
[36m--[0m Using PYTHON_EXECUTABLE: /usr/bin/python
[36m--[0m Using Debian Python package layout
[36m--[0m Using empy: /usr/bin/empy
[36m--[0m Using CATKIN_ENABLE_TESTING: ON
[36m--[0m Call enable_testing()
[36m--[0m Using CATKIN_TEST_RESULTS_DIR: /home/ravi/robotics2/catws_msg_srv/build/pkg_msg_srv/test_results
[36m--[0m Found gtest sources under '/usr/src/gtest': gtests will be built
[36m--[0m Using Python nosetests: /usr/bin/nosetests-2.7
[36m--[0m catkin 0.7.6
[36m--[0m Using these message generators: gencpp;geneus;genlisp;gennodejs;genpy
[36m--[0m pkg_msg_srv: 1 messages, 0 services
[31m[1mCMake Error[0m at /opt/ros/kinetic/share/catkin/cmake/catkin_package.cmake:224 (message):
  catkin_package() DEPENDS on the catkin package 'message_generation' which
  must therefore be listed as a run dependency in the package.xml
[36mCall Stack (most recent call first):[0m
  /opt/ros/kinetic/share/catkin/cmake/catkin_package.cmake:102 (_catkin_package)
  CMakeLists.txt:106 (catkin_package)


[36m--[0m Configuring incomplete, errors occurred!
See also "/home/ravi/robotics2/catws_msg_srv/build/pkg_msg_srv/CMakeFiles/CMakeOutput.log".
See also "/home/ravi/robotics2/catws_msg_srv/build/pkg_msg_srv/CMakeFiles/CMakeError.log".
Makefile:514: recipe for target 'cmake_check_build_system' failed
make: *** [cmake_check_build_system] Error 1
