Determining if the pthread_create exist failed with the following output:
Change Dir: /home/ravi/robotics2/catws_tf/build/catkin_tools_prebuild/CMakeFiles/CMakeTmp

Run Build Command:"/usr/bin/make" "cmTC_36d83/fast"
/usr/bin/make -f CMakeFiles/cmTC_36d83.dir/build.make CMakeFiles/cmTC_36d83.dir/build
make[1]: Entering directory '/home/ravi/robotics2/catws_tf/build/catkin_tools_prebuild/CMakeFiles/CMakeTmp'
Building C object CMakeFiles/cmTC_36d83.dir/CheckSymbolExists.c.o
/usr/bin/cc     -o CMakeFiles/cmTC_36d83.dir/CheckSymbolExists.c.o   -c /home/ravi/robotics2/catws_tf/build/catkin_tools_prebuild/CMakeFiles/CMakeTmp/CheckSymbolExists.c
Linking C executable cmTC_36d83
/usr/bin/cmake -E cmake_link_script CMakeFiles/cmTC_36d83.dir/link.txt --verbose=1
/usr/bin/cc       CMakeFiles/cmTC_36d83.dir/CheckSymbolExists.c.o  -o cmTC_36d83 -rdynamic 
CMakeFiles/cmTC_36d83.dir/CheckSymbolExists.c.o: In function `main':
CheckSymbolExists.c:(.text+0x16): undefined reference to `pthread_create'
collect2: error: ld returned 1 exit status
CMakeFiles/cmTC_36d83.dir/build.make:97: recipe for target 'cmTC_36d83' failed
make[1]: *** [cmTC_36d83] Error 1
make[1]: Leaving directory '/home/ravi/robotics2/catws_tf/build/catkin_tools_prebuild/CMakeFiles/CMakeTmp'
Makefile:126: recipe for target 'cmTC_36d83/fast' failed
make: *** [cmTC_36d83/fast] Error 2

File /home/ravi/robotics2/catws_tf/build/catkin_tools_prebuild/CMakeFiles/CMakeTmp/CheckSymbolExists.c:
/* */
#include <pthread.h>

int main(int argc, char** argv)
{
  (void)argv;
#ifndef pthread_create
  return ((int*)(&pthread_create))[argc];
#else
  (void)argc;
  return 0;
#endif
}

Determining if the function pthread_create exists in the pthreads failed with the following output:
Change Dir: /home/ravi/robotics2/catws_tf/build/catkin_tools_prebuild/CMakeFiles/CMakeTmp

Run Build Command:"/usr/bin/make" "cmTC_ed910/fast"
/usr/bin/make -f CMakeFiles/cmTC_ed910.dir/build.make CMakeFiles/cmTC_ed910.dir/build
make[1]: Entering directory '/home/ravi/robotics2/catws_tf/build/catkin_tools_prebuild/CMakeFiles/CMakeTmp'
Building C object CMakeFiles/cmTC_ed910.dir/CheckFunctionExists.c.o
/usr/bin/cc    -DCHECK_FUNCTION_EXISTS=pthread_create   -o CMakeFiles/cmTC_ed910.dir/CheckFunctionExists.c.o   -c /usr/share/cmake-3.5/Modules/CheckFunctionExists.c
Linking C executable cmTC_ed910
/usr/bin/cmake -E cmake_link_script CMakeFiles/cmTC_ed910.dir/link.txt --verbose=1
/usr/bin/cc   -DCHECK_FUNCTION_EXISTS=pthread_create    CMakeFiles/cmTC_ed910.dir/CheckFunctionExists.c.o  -o cmTC_ed910 -rdynamic -lpthreads 
/usr/bin/ld: cannot find -lpthreads
collect2: error: ld returned 1 exit status
CMakeFiles/cmTC_ed910.dir/build.make:97: recipe for target 'cmTC_ed910' failed
make[1]: *** [cmTC_ed910] Error 1
make[1]: Leaving directory '/home/ravi/robotics2/catws_tf/build/catkin_tools_prebuild/CMakeFiles/CMakeTmp'
Makefile:126: recipe for target 'cmTC_ed910/fast' failed
make: *** [cmTC_ed910/fast] Error 2


